<?xml version="1.0" encoding="UTF-8"?>
<testng-results ignored="0" total="1" passed="1" failed="0" skipped="0">
  <reporter-output>
  </reporter-output>
  <suite started-at="2022-02-04T22:23:17 IST" name="Suite" finished-at="2022-02-04T22:24:13 IST" duration-ms="55871">
    <groups>
      <group name="cucumber">
        <method signature="AbstractTestNGCucumberTests.runScenario(io.cucumber.testng.PickleWrapper,io.cucumber.testng.FeatureWrapper)[pri:0, instance:runner.ParallelRun@27462a88]" name="runScenario" class="io.cucumber.testng.AbstractTestNGCucumberTests"/>
      </group> <!-- cucumber -->
    </groups>
    <test started-at="2022-02-04T22:23:17 IST" name="Test" finished-at="2022-02-04T22:24:13 IST" duration-ms="55871">
      <class name="runner.ParallelRun">
        <test-method is-config="true" signature="setUpClass(org.testng.ITestContext)[pri:0, instance:runner.ParallelRun@27462a88]" started-at="2022-02-04T22:23:17 IST" name="setUpClass" finished-at="2022-02-04T22:23:19 IST" duration-ms="1418" status="PASS">
          <params>
            <param index="0">
              <value>
                <![CDATA[org.testng.TestRunner@122635ef]]>
              </value>
            </param>
          </params>
          <reporter-output>
          </reporter-output>
        </test-method> <!-- setUpClass -->
        <test-method signature="runScenario(io.cucumber.testng.PickleWrapper,io.cucumber.testng.FeatureWrapper)[pri:0, instance:runner.ParallelRun@27462a88]" started-at="2022-02-04T22:23:19 IST" name="runScenario" description="Runs Cucumber Scenarios" data-provider="scenarios" finished-at="2022-02-04T22:24:09 IST" duration-ms="50397" status="PASS">
          <params>
            <param index="0">
              <value>
                <![CDATA["Pick available RAM vehicle in desired province"]]>
              </value>
            </param>
            <param index="1">
              <value>
                <![CDATA["Optional[Purchase a car through Canada Drives Website]"]]>
              </value>
            </param>
          </params>
          <reporter-output>
          </reporter-output>
        </test-method> <!-- runScenario -->
        <test-method is-config="true" signature="tearDownClass()[pri:0, instance:runner.ParallelRun@27462a88]" started-at="2022-02-04T22:24:09 IST" name="tearDownClass" finished-at="2022-02-04T22:24:13 IST" duration-ms="3996" status="PASS">
          <reporter-output>
          </reporter-output>
        </test-method> <!-- tearDownClass -->
      </class> <!-- runner.ParallelRun -->
    </test> <!-- Test -->
  </suite> <!-- Suite -->
</testng-results>
