<?xml version="1.0" encoding="UTF-8"?>
<testng-results ignored="0" total="1" passed="1" failed="0" skipped="0">
  <reporter-output>
  </reporter-output>
  <suite started-at="2022-02-04T09:04:02 IST" name="Suite" finished-at="2022-02-04T09:04:54 IST" duration-ms="51662">
    <groups>
      <group name="cucumber">
        <method signature="AbstractTestNGCucumberTests.runScenario(io.cucumber.testng.PickleWrapper,io.cucumber.testng.FeatureWrapper)[pri:0, instance:runner.ParallelRun@13e344d]" name="runScenario" class="io.cucumber.testng.AbstractTestNGCucumberTests"/>
      </group> <!-- cucumber -->
    </groups>
    <test started-at="2022-02-04T09:04:02 IST" name="Test" finished-at="2022-02-04T09:04:54 IST" duration-ms="51662">
      <class name="runner.ParallelRun">
        <test-method is-config="true" signature="setUpClass(org.testng.ITestContext)[pri:0, instance:runner.ParallelRun@13e344d]" started-at="2022-02-04T09:04:02 IST" name="setUpClass" finished-at="2022-02-04T09:04:03 IST" duration-ms="916" status="PASS">
          <params>
            <param index="0">
              <value>
                <![CDATA[org.testng.TestRunner@3a7c678b]]>
              </value>
            </param>
          </params>
          <reporter-output>
          </reporter-output>
        </test-method> <!-- setUpClass -->
        <test-method signature="runScenario(io.cucumber.testng.PickleWrapper,io.cucumber.testng.FeatureWrapper)[pri:0, instance:runner.ParallelRun@13e344d]" started-at="2022-02-04T09:04:03 IST" name="runScenario" description="Runs Cucumber Scenarios" data-provider="scenarios" finished-at="2022-02-04T09:04:50 IST" duration-ms="46581" status="PASS">
          <params>
            <param index="0">
              <value>
                <![CDATA["Pick available RAM vehicle in desired province"]]>
              </value>
            </param>
            <param index="1">
              <value>
                <![CDATA["Optional[Order creation in Canada Drives]"]]>
              </value>
            </param>
          </params>
          <reporter-output>
          </reporter-output>
        </test-method> <!-- runScenario -->
        <test-method is-config="true" signature="tearDownClass()[pri:0, instance:runner.ParallelRun@13e344d]" started-at="2022-02-04T09:04:50 IST" name="tearDownClass" finished-at="2022-02-04T09:04:54 IST" duration-ms="4118" status="PASS">
          <reporter-output>
          </reporter-output>
        </test-method> <!-- tearDownClass -->
      </class> <!-- runner.ParallelRun -->
    </test> <!-- Test -->
  </suite> <!-- Suite -->
</testng-results>
