<?xml version="1.0" encoding="UTF-8"?>
<!-- Generated by org.testng.reporters.JUnitReportReporter -->
<testsuite hostname="6BBWN93" failures="0" tests="1" name="runner.CucumberRunnerTest" time="21.212" errors="1" timestamp="2022-02-03T13:46:55 IST" skipped="0">
  <testcase classname="runner.CucumberRunnerTest" name="runScenario" time="21.212">
    <error message="current thread is not owner" type="java.lang.IllegalMonitorStateException">
      <![CDATA[java.lang.IllegalMonitorStateException: current thread is not owner
at java.base/java.lang.Object.wait(Native Method)
at pageObjects.HomePage.fillCarSelectionInformation(HomePage.java:74)
at stepDefinations.CarSelectionSteps.user_fills_the_form_from_given_and(CarSelectionSteps.java:79)
at ✽.User fills the form from given "RAMVehicles" and 0(file:///C:/Users/Maheshn/Documents/CanadaDrives/CanadaDrives/Features/OrderCreation.feature:8)
]]>
    </error>
  </testcase> <!-- runScenario -->
  <system-out/>
</testsuite> <!-- runner.CucumberRunnerTest -->
